{
  message: 'ERROR:NOT FOUND. El producto undefined NO se encuentra en el listado de productos, por favor ingrese un producto válido',
  level: 'error',
  timestamp: '2024-02-12T06:15:51.003Z'
}
{
  message: 'ERROR:NOT FOUND. El producto undefined NO se encuentra en el listado de productos, por favor ingrese un producto válido',
  level: 'error',
  timestamp: '2024-02-12T06:15:51.186Z'
}
{
  message: 'ERROR:NOT FOUND. El producto undefined NO se encuentra en el listado de productos, por favor ingrese un producto válido',
  level: 'error',
  timestamp: '2024-02-12T06:15:51.368Z'
}
{
  message: 'ERROR:NOT FOUND. El producto undefined NO se encuentra en el listado de productos, por favor ingrese un producto válido',
  level: 'error',
  timestamp: '2024-02-12T06:21:17.854Z'
}
{
  message: 'ERROR:NOT FOUND. El producto undefined NO se encuentra en el listado de productos, por favor ingrese un producto válido',
  level: 'error',
  timestamp: '2024-02-12T06:21:18.043Z'
}
{
  message: 'ERROR:NOT FOUND. El producto undefined NO se encuentra en el listado de productos, por favor ingrese un producto válido',
  level: 'error',
  timestamp: '2024-02-12T06:21:18.225Z'
}
{
  message: 'ERROR:NOT FOUND. El producto undefined NO se encuentra en el listado de productos, por favor ingrese un producto válido',
  level: 'error',
  timestamp: '2024-02-12T06:22:48.245Z'
}
{
  message: 'ERROR:NOT FOUND. El producto undefined NO se encuentra en el listado de productos, por favor ingrese un producto válido',
  level: 'error',
  timestamp: '2024-02-12T06:22:48.435Z'
}
{
  message: 'ERROR:NOT FOUND. El producto undefined NO se encuentra en el listado de productos, por favor ingrese un producto válido',
  level: 'error',
  timestamp: '2024-02-12T06:22:48.617Z'
}
{
  message: 'ERROR:NOT FOUND. El producto undefined NO se encuentra en el listado de productos, por favor ingrese un producto válido',
  level: 'error',
  timestamp: '2024-02-12T06:23:22.240Z'
}
{
  message: 'ERROR:NOT FOUND. El producto undefined NO se encuentra en el listado de productos, por favor ingrese un producto válido',
  level: 'error',
  timestamp: '2024-02-12T06:23:22.422Z'
}
{
  message: 'ERROR:NOT FOUND. El producto undefined NO se encuentra en el listado de productos, por favor ingrese un producto válido',
  level: 'error',
  timestamp: '2024-02-12T06:23:22.603Z'
}
{
  message: 'ERROR:NOT FOUND. El producto undefined NO se encuentra en el listado de productos, por favor ingrese un producto válido',
  level: 'error',
  timestamp: '2024-02-12T06:30:22.016Z'
}
{
  message: 'ERROR:NOT FOUND. El producto undefined NO se encuentra en el listado de productos, por favor ingrese un producto válido',
  level: 'error',
  timestamp: '2024-02-12T06:30:22.197Z'
}
{
  message: 'ERROR:NOT FOUND. El producto undefined NO se encuentra en el listado de productos, por favor ingrese un producto válido',
  level: 'error',
  timestamp: '2024-02-12T07:10:17.317Z'
}
{
  message: 'ERROR:NOT FOUND. El producto undefined NO se encuentra en el listado de productos, por favor ingrese un producto válido',
  level: 'error',
  timestamp: '2024-02-12T07:10:17.495Z'
}
{
  message: 'ERROR:NOT FOUND. El producto undefined NO se encuentra en el listado de productos, por favor ingrese un producto válido',
  level: 'error',
  timestamp: '2024-02-12T07:10:17.675Z'
}
{
  message: 'ERROR:NOT FOUND. El producto 65c9cb57dd8ddea8d665251b NO se encuentra en el listado de productos, por favor ingrese un producto válido',
  level: 'error',
  timestamp: '2024-02-12T07:45:35.446Z'
}
{
  message: 'ERROR:NOT FOUND. El producto 65c9cb57dd8ddea8d665251b NO se encuentra en el listado de productos, por favor ingrese un producto válido',
  level: 'error',
  timestamp: '2024-02-12T07:47:32.771Z'
}
{
  message: 'ERROR:NOT FOUND. El producto 65c9cb57dd8ddea8d665251c NO se encuentra en el listado de productos, por favor ingrese un producto válido',
  level: 'error',
  timestamp: '2024-02-12T07:47:32.955Z'
}
{
  message: 'ERROR:NOT FOUND. El producto undefined NO se encuentra en el listado de productos, por favor ingrese un producto válido',
  level: 'error',
  timestamp: '2024-02-12T08:08:57.526Z'
}
{
  message: 'ERROR:NOT FOUND. El producto undefined NO se encuentra en el listado de productos, por favor ingrese un producto válido',
  level: 'error',
  timestamp: '2024-02-12T08:08:57.706Z'
}
{
  message: 'ERROR:NOT FOUND. El producto undefined NO se encuentra en el listado de productos, por favor ingrese un producto válido',
  level: 'error',
  timestamp: '2024-02-12T08:08:57.885Z'
}
{
  message: 'ERROR:NOT FOUND. El producto undefined NO se encuentra en el listado de productos, por favor ingrese un producto válido',
  level: 'error',
  timestamp: '2024-02-12T08:09:46.565Z'
}
{
  message: 'ERROR:NOT FOUND. El producto undefined NO se encuentra en el listado de productos, por favor ingrese un producto válido',
  level: 'error',
  timestamp: '2024-02-12T08:09:46.744Z'
}
{
  message: 'ERROR:NOT FOUND. El producto undefined NO se encuentra en el listado de productos, por favor ingrese un producto válido',
  level: 'error',
  timestamp: '2024-02-12T08:09:46.925Z'
}
{
  message: 'ERROR:NOT FOUND. El producto 652b1ac30fc46ca9eb358050 NO se encuentra en el listado de productos, por favor ingrese un producto válido',
  level: 'error',
  timestamp: '2024-02-12T18:49:34.548Z'
}
{
  message: 'ERROR:NOT FOUND. El producto 652b1b420fc46ca9eb35805a NO se encuentra en el listado de productos, por favor ingrese un producto válido',
  level: 'error',
  timestamp: '2024-02-12T18:49:34.907Z'
}
{
  message: 'ERROR:NOT FOUND. El producto 65cc41267d31b595b8a088da NO se encuentra en el listado de productos, por favor ingrese un producto válido',
  level: 'error',
  timestamp: '2024-02-14T05:47:54.122Z'
}
{
  message: 'ERROR:NOT FOUND. El producto 65cc41267d31b595b8a088da NO se encuentra en el listado de productos, por favor ingrese un producto válido',
  level: 'error',
  timestamp: '2024-02-14T05:48:29.096Z'
}
